#
# A fatal error has been detected by the Java Runtime Environment:
#
#  EXCEPTION_ACCESS_VIOLATION (0xc0000005) at pc=0x6d166b30, pid=5680, tid=6124
#
# JRE version: 6.0_23-b05
# Java VM: Java HotSpot(TM) Client VM (19.0-b09 mixed mode windows-x86 )
# Problematic frame:
# C  [awt.dll+0xb6b30]
#
# If you would like to submit a bug report, please visit:
#   http://java.sun.com/webapps/bugreport/crash.jsp
# The crash happened outside the Java Virtual Machine in native code.
# See problematic frame for where to report the bug.
#

---------------  T H R E A D  ---------------

Current thread (0x46928c00):  JavaThread "AWT-Windows" daemon [_thread_in_native, id=6124, stack(0x46d40000,0x46d90000)]

siginfo: ExceptionCode=0xc0000005, reading address 0x00000000

Registers:
EAX=0x46d8f7b0, EBX=0x4695d5c0, ECX=0x00000332, EDX=0x00000180
ESP=0x46d8f798, EBP=0x46d8f908, ESI=0x00000000, EDI=0x00000180
EIP=0x6d166b30, EFLAGS=0x00010202

Register to memory mapping:

EAX=0x46d8f7b0
0x46d8f7b0 is pointing into the stack for thread: 0x46928c00
"AWT-Windows" daemon prio=6 tid=0x46928c00 nid=0x17ec runnable [0x46d8f000]
   java.lang.Thread.State: RUNNABLE

EBX=0x4695d5c0
0x4695d5c0 is pointing to unknown location

ECX=0x00000332
0x00000332 is pointing to unknown location

EDX=0x00000180
0x00000180 is pointing to unknown location

ESP=0x46d8f798
0x46d8f798 is pointing into the stack for thread: 0x46928c00
"AWT-Windows" daemon prio=6 tid=0x46928c00 nid=0x17ec runnable [0x46d8f000]
   java.lang.Thread.State: RUNNABLE

EBP=0x46d8f908
0x46d8f908 is pointing into the stack for thread: 0x46928c00
"AWT-Windows" daemon prio=6 tid=0x46928c00 nid=0x17ec runnable [0x46d8f000]
   java.lang.Thread.State: RUNNABLE

ESI=0x00000000
0x00000000 is pointing to unknown location

EDI=0x00000180
0x00000180 is pointing to unknown location


Top of Stack: (sp=0x46d8f798)
0x46d8f798:   46d8f7b0 00001000 00000000 46929c60
0x46d8f7a8:   46929c00 00000196 00000127 6d15f00c
0x46d8f7b8:   00000000 46883648 46955928 46929c60
0x46d8f7c8:   6d163793 00000000 00009824 46928d18
0x46d8f7d8:   00000001 00000196 fffffffe 74974737
0x46d8f7e8:   00000196 00000000 0000980d 46928d18
0x46d8f7f8:   01b1d1c0 0000980d 00000000 00000000
0x46d8f808:   46d8f860 0000980d 46d8f820 46d8f83c 

Instructions: (pc=0x6d166b30)
0x6d166b20:   05 00 20 00 00 50 c1 e2 05 8d 44 24 14 50 8b fa
0x6d166b30:   8b 16 57 c1 e1 05 51 56 ff 52 2c 85 c0 0f 8c 93 


Stack: [0x46d40000,0x46d90000],  sp=0x46d8f798,  free space=317k
Native frames: (J=compiled Java code, j=interpreted, Vv=VM code, C=native code)
C  [awt.dll+0xb6b30]
C  [awt.dll+0x9c74c]
C  [USER32.dll+0x186ef]
C  [USER32.dll+0x18876]
C  [USER32.dll+0x170f4]
C  [USER32.dll+0x1738f]
C  [ntdll.dll+0x460ce]
C  [USER32.dll+0x192a9]

Java frames: (J=compiled Java code, j=interpreted, Vv=VM code)
j  sun.awt.windows.WToolkit.eventLoop()V+0
j  sun.awt.windows.WToolkit.run()V+52
j  java.lang.Thread.run()V+11
v  ~StubRoutines::call_stub

---------------  P R O C E S S  ---------------

Java Threads: ( => current thread )
  0x4a3a1400 JavaThread "Timer-5" daemon [_thread_blocked, id=4788, stack(0x48b40000,0x48b90000)]
  0x4a35d400 JavaThread "Timer-4" daemon [_thread_blocked, id=4592, stack(0x48d40000,0x48d90000)]
  0x46a4a400 JavaThread "Timer-3" daemon [_thread_blocked, id=4360, stack(0x48cf0000,0x48d40000)]
  0x46a48800 JavaThread "Timer-2" daemon [_thread_blocked, id=3204, stack(0x48ca0000,0x48cf0000)]
  0x46a48000 JavaThread "Timer-1" daemon [_thread_blocked, id=4512, stack(0x48af0000,0x48b40000)]
  0x01abd800 JavaThread "Timer-0" daemon [_thread_blocked, id=2232, stack(0x48aa0000,0x48af0000)]
  0x46a07800 JavaThread "TimerQueue" daemon [_thread_blocked, id=2460, stack(0x49ae0000,0x49b30000)]
  0x469fb400 JavaThread "D3D Screen Updater" daemon [_thread_blocked, id=1108, stack(0x48f70000,0x48fc0000)]
  0x00d79000 JavaThread "DestroyJavaVM" [_thread_blocked, id=5092, stack(0x002e0000,0x00330000)]
  0x46929000 JavaThread "AWT-EventQueue-0" [_thread_in_native, id=5920, stack(0x46d90000,0x46de0000)]
=>0x46928c00 JavaThread "AWT-Windows" daemon [_thread_in_native, id=6124, stack(0x46d40000,0x46d90000)]
  0x46928400 JavaThread "AWT-Shutdown" [_thread_blocked, id=2604, stack(0x46b90000,0x46be0000)]
  0x46925c00 JavaThread "Java2D Disposer" daemon [_thread_blocked, id=4032, stack(0x46b40000,0x46b90000)]
  0x01b52000 JavaThread "Low Memory Detector" daemon [_thread_blocked, id=1692, stack(0x467e0000,0x46830000)]
  0x01b4b400 JavaThread "CompilerThread0" daemon [_thread_blocked, id=5172, stack(0x46790000,0x467e0000)]
  0x01b4a400 JavaThread "Attach Listener" daemon [_thread_blocked, id=5240, stack(0x46740000,0x46790000)]
  0x01b47400 JavaThread "Signal Dispatcher" daemon [_thread_blocked, id=4812, stack(0x466f0000,0x46740000)]
  0x01b1b000 JavaThread "Finalizer" daemon [_thread_blocked, id=1604, stack(0x00ce0000,0x00d30000)]
  0x01b16400 JavaThread "Reference Handler" daemon [_thread_blocked, id=1844, stack(0x00580000,0x005d0000)]

Other Threads:
  0x01b13c00 VMThread [stack: 0x00390000,0x003e0000] [id=2124]
  0x01b63c00 WatcherThread [stack: 0x46830000,0x46880000] [id=5936]

VM state:not at safepoint (normal execution)

VM Mutex/Monitor currently owned by a thread: None

Heap
 def new generation   total 307200K, used 142006K [0x03b80000, 0x188d0000, 0x188d0000)
  eden space 273088K,  52% used [0x03b80000, 0x0c62d868, 0x14630000)
  from space 34112K,   0% used [0x14630000, 0x14630000, 0x16780000)
  to   space 34112K,   0% used [0x16780000, 0x16780000, 0x188d0000)
 tenured generation   total 682688K, used 0K [0x188d0000, 0x42380000, 0x42380000)
   the space 682688K,   0% used [0x188d0000, 0x188d0000, 0x188d0200, 0x42380000)
 compacting perm gen  total 12288K, used 9898K [0x42380000, 0x42f80000, 0x46380000)
   the space 12288K,  80% used [0x42380000, 0x42d2a898, 0x42d2aa00, 0x42f80000)
No shared spaces configured.

Dynamic libraries:
0x00400000 - 0x00424000 	C:\Program Files\Java\jdk1.6.0_23\bin\java.exe
0x77a80000 - 0x77bbc000 	C:\Windows\SYSTEM32\ntdll.dll
0x6ddc0000 - 0x6ddff000 	C:\Program Files\AVAST Software\Avast\snxhk.dll
0x779a0000 - 0x77a74000 	C:\Windows\system32\KERNEL32.dll
0x75e00000 - 0x75e4b000 	C:\Windows\system32\KERNELBASE.dll
0x77900000 - 0x779a0000 	C:\Windows\system32\ADVAPI32.dll
0x77c00000 - 0x77cac000 	C:\Windows\system32\msvcrt.dll
0x778e0000 - 0x778f9000 	C:\Windows\SYSTEM32\sechost.dll
0x761a0000 - 0x76241000 	C:\Windows\system32\RPCRT4.dll
0x7c340000 - 0x7c396000 	C:\Program Files\Java\jdk1.6.0_23\jre\bin\msvcr71.dll
0x6d8a0000 - 0x6db4c000 	C:\Program Files\Java\jdk1.6.0_23\jre\bin\client\jvm.dll
0x76b60000 - 0x76c29000 	C:\Windows\system32\USER32.dll
0x763f0000 - 0x7643e000 	C:\Windows\system32\GDI32.dll
0x76790000 - 0x7679a000 	C:\Windows\system32\LPK.dll
0x76890000 - 0x7692e000 	C:\Windows\system32\USP10.dll
0x74330000 - 0x74362000 	C:\Windows\system32\WINMM.dll
0x76870000 - 0x7688f000 	C:\Windows\system32\IMM32.DLL
0x767a0000 - 0x7686c000 	C:\Windows\system32\MSCTF.dll
0x75b40000 - 0x75b8b000 	C:\Windows\system32\apphelp.dll
0x6d850000 - 0x6d85c000 	C:\Program Files\Java\jdk1.6.0_23\jre\bin\verify.dll
0x6d3d0000 - 0x6d3ef000 	C:\Program Files\Java\jdk1.6.0_23\jre\bin\java.dll
0x6d330000 - 0x6d338000 	C:\Program Files\Java\jdk1.6.0_23\jre\bin\hpi.dll
0x77bf0000 - 0x77bf5000 	C:\Windows\system32\PSAPI.DLL
0x6d890000 - 0x6d89f000 	C:\Program Files\Java\jdk1.6.0_23\jre\bin\zip.dll
0x6d0b0000 - 0x6d1fa000 	C:\Program Files\Java\jdk1.6.0_23\jre\bin\awt.dll
0x73cd0000 - 0x73d21000 	C:\Windows\system32\WINSPOOL.DRV
0x76a00000 - 0x76b5c000 	C:\Windows\system32\ole32.dll
0x74940000 - 0x74ade000 	C:\Windows\WinSxS\x86_microsoft.windows.common-controls_6595b64144ccf1df_6.0.7600.16661_none_420fe3fa2b8113bd\COMCTL32.dll
0x76c30000 - 0x76c87000 	C:\Windows\system32\SHLWAPI.dll
0x745c0000 - 0x745d3000 	C:\Windows\system32\DWMAPI.DLL
0x748e0000 - 0x74920000 	C:\Windows\system32\uxtheme.dll
0x75b90000 - 0x75b9c000 	C:\Windows\system32\CRYPTBASE.dll
0x6d2e0000 - 0x6d32f000 	C:\Program Files\Java\jdk1.6.0_23\jre\bin\fontmanager.dll
0x67240000 - 0x67403000 	C:\Windows\system32\d3d9.dll
0x750d0000 - 0x750d9000 	C:\Windows\system32\VERSION.dll
0x67230000 - 0x67236000 	C:\Windows\system32\d3d8thk.dll
0x6c7c0000 - 0x6c848000 	C:\Windows\system32\aticfx32.dll
0x67190000 - 0x6719a000 	C:\Windows\system32\atiu9pag.dll
0x62aa0000 - 0x62e8a000 	C:\Windows\system32\atiumdag.dll
0x5e3c0000 - 0x5e724000 	C:\Windows\system32\atiumdva.dll
0x76c90000 - 0x778d9000 	C:\Windows\system32\shell32.dll
0x48ec0000 - 0x48ef8000 	C:\Program Files\WIDCOMM\Bluetooth Software\btmmhook.dll
0x760d0000 - 0x7615f000 	C:\Windows\system32\OLEAUT32.dll
0x6d6b0000 - 0x6d6c3000 	C:\Program Files\Java\jdk1.6.0_23\jre\bin\net.dll
0x76160000 - 0x76195000 	C:\Windows\system32\WS2_32.dll
0x76930000 - 0x76936000 	C:\Windows\system32\NSI.dll
0x75680000 - 0x756bc000 	C:\Windows\system32\mswsock.dll
0x75670000 - 0x75676000 	C:\Windows\System32\wship6.dll
0x6d6d0000 - 0x6d6d9000 	C:\Program Files\Java\jdk1.6.0_23\jre\bin\nio.dll
0x765e0000 - 0x76663000 	C:\Windows\system32\CLBCatQ.DLL
0x48a60000 - 0x48a81000 	C:\Program Files\WIDCOMM\Bluetooth Software\btkeyind.dll
0x751a0000 - 0x751a5000 	C:\Windows\System32\wshtcpip.dll
0x75540000 - 0x75584000 	C:\Windows\system32\DNSAPI.dll
0x74100000 - 0x7411c000 	C:\Windows\system32\IPHLPAPI.DLL
0x740e0000 - 0x740e7000 	C:\Windows\system32\WINNSI.DLL
0x6e350000 - 0x6e356000 	C:\Windows\system32\rasadhlp.dll
0x73e30000 - 0x73e68000 	C:\Windows\System32\fwpuclnt.dll

VM Arguments:
jvm_args: -Dfile.encoding=UTF-8 -Xms1000m 
java_command: cancer.UserProfileNew
Launcher Type: SUN_STANDARD

Environment Variables:
PATH=C:\Windows\system32;C:\Windows;C:\Windows\System32\Wbem;C:\Windows\System32\WindowsPowerShell\v1.0\;C:\Program Files\Dell\DW WLAN Card;C:\Program Files\ATI Technologies\ATI.ACE\Core-Static;C:\Program Files\WIDCOMM\Bluetooth Software\;C:\Program Files\Java\jdk1.6.0_23\bin;C:\Program Files\MySQL\MySQL Server 5.0\bin;
USERNAME=Seban
OS=Windows_NT
PROCESSOR_IDENTIFIER=x86 Family 6 Model 37 Stepping 2, GenuineIntel



---------------  S Y S T E M  ---------------

OS: Windows 7 Build 7600 

CPU:total 4 (2 cores per cpu, 2 threads per core) family 6 model 37 stepping 2, cmov, cx8, fxsr, mmx, sse, sse2, sse3, ssse3, sse4.1, sse4.2, popcnt, ht

Memory: 4k page, physical 3133976k(1003512k free), swap 6266188k(1078392k free)

vm_info: Java HotSpot(TM) Client VM (19.0-b09) for windows-x86 JRE (1.6.0_23-b05), built on Nov 12 2010 15:00:43 by "java_re" with MS VC++ 7.1 (VS2003)

time: Tue Apr 16 11:41:54 2013
elapsed time: 8388 seconds

